<?xml version="1.0" encoding="UTF-8"?>
<testsuite xmlns:xsi="http://www.w3.org/2001/XMLSchema-instance" xsi:noNamespaceSchemaLocation="https://maven.apache.org/surefire/maven-surefire-plugin/xsd/surefire-test-report.xsd" name="services.Service.userServiceTests" time="0.405" tests="3" errors="0" skipped="1" failures="0">
  <properties>
[...]
</properties>
  <testcase name="test{int, int, int}" classname="services.Service.userServiceTests" time="0">
    <skipped message="public void services.Service.userServiceTests.test(int,int,int) is @Disabled"/>
    <system-out><![CDATA[2026-09-02 21:09:52.621  INFO 11832 --- [           main] .b.t.c.SpringBootTestContextBootstrapper : Neither @ContextConfiguration nor @ContextHierarchy found for test class [services.Service.userServiceTests], using SpringBootContextLoader
2026-09-02 21:09:52.622  INFO 11832 --- [           main] o.s.t.c.support.AbstractContextLoader    : Could not detect default resource locations for test class [services.Service.userServiceTests]: no resource found for suffixes {-context.xml, Context.groovy}.
2026-09-02 21:09:52.623  INFO 11832 --- [           main] t.c.s.AnnotationConfigContextLoaderUtils : Could not detect default configuration classes for test class [services.Service.userServiceTests]: userServiceTests does not declare any static, non-private, non-final, nested classes annotated with @Configuration.
2026-09-02 21:09:52.651  INFO 11832 --- [           main] .b.t.c.SpringBootTestContextBootstrapper : Found @SpringBootConfiguration services.JournalApplication for test class services.Service.userServiceTests
2026-09-02 21:09:52.655  INFO 11832 --- [           main] .b.t.c.SpringBootTestContextBootstrapper : Loaded default TestExecutionListener class names from location [META-INF/spring.factories]: [org.springframework.boot.test.mock.mockito.MockitoTestExecutionListener, org.springframework.boot.test.mock.mockito.ResetMocksTestExecutionListener, org.springframework.boot.test.autoconfigure.restdocs.RestDocsTestExecutionListener, org.springframework.boot.test.autoconfigure.web.client.MockRestServiceServerResetTestExecutionListener, org.springframework.boot.test.autoconfigure.web.servlet.MockMvcPrintOnlyOnFailureTestExecutionListener, org.springframework.boot.test.autoconfigure.web.servlet.WebDriverTestExecutionListener, org.springframework.boot.test.autoconfigure.webservices.client.MockWebServiceServerTestExecutionListener, org.springframework.test.context.web.ServletTestExecutionListener, org.springframework.test.context.support.DirtiesContextBeforeModesTestExecutionListener, org.springframework.test.context.event.ApplicationEventsTestExecutionListener, org.springframework.test.context.support.DependencyInjectionTestExecutionListener, org.springframework.test.context.support.DirtiesContextTestExecutionListener, org.springframework.test.context.transaction.TransactionalTestExecutionListener, org.springframework.test.context.jdbc.SqlScriptsTestExecutionListener, org.springframework.test.context.event.EventPublishingTestExecutionListener]
2026-09-02 21:09:52.659  INFO 11832 --- [           main] .b.t.c.SpringBootTestContextBootstrapper : Using TestExecutionListeners: [org.springframework.test.context.web.ServletTestExecutionListener@105e9fef, org.springframework.test.context.support.DirtiesContextBeforeModesTestExecutionListener@47858d7c, org.springframework.test.context.event.ApplicationEventsTestExecutionListener@5a5cd0af, org.springframework.boot.test.mock.mockito.MockitoTestExecutionListener@16cc5e51, org.springframework.boot.test.autoconfigure.SpringBootDependencyInjectionTestExecutionListener@72090a80, org.springframework.test.context.support.DirtiesContextTestExecutionListener@198c97d0, org.springframework.test.context.transaction.TransactionalTestExecutionListener@25e9f5e6, org.springframework.test.context.jdbc.SqlScriptsTestExecutionListener@512319dc, org.springframework.test.context.event.EventPublishingTestExecutionListener@6bc45472, org.springframework.boot.test.mock.mockito.ResetMocksTestExecutionListener@160b7ccd, org.springframework.boot.test.autoconfigure.restdocs.RestDocsTestExecutionListener@7c27ed2f, org.springframework.boot.test.autoconfigure.web.client.MockRestServiceServerResetTestExecutionListener@3503e68e, org.springframework.boot.test.autoconfigure.web.servlet.MockMvcPrintOnlyOnFailureTestExecutionListener@7c2d4398, org.springframework.boot.test.autoconfigure.web.servlet.WebDriverTestExecutionListener@310db5c4, org.springframework.boot.test.autoconfigure.webservices.client.MockWebServiceServerTestExecutionListener@7280785f]
]]></system-out>
  </testcase>
  <testcase name="testSaveNewUser{User}[1]" classname="services.Service.userServiceTests" time="0.249"/>
  <testcase name="testSaveNewUser{User}[2]" classname="services.Service.userServiceTests" time="0.021"/>
</testsuite>